{"C:\\cw\\doughy-mkplc-new\\src\\ApiService.js": {"path":"C:\\cw\\doughy-mkplc-new\\src\\ApiService.js","statementMap":{"0":{"start":{"line":2,"column":0},"end":{"line":2,"column":27}},"1":{"start":{"line":5,"column":2},"end":{"line":14,"column":3}},"2":{"start":{"line":6,"column":21},"end":{"line":8,"column":5}},"3":{"start":{"line":9,"column":4},"end":{"line":9,"column":31}},"4":{"start":{"line":11,"column":4},"end":{"line":11,"column":25}},"5":{"start":{"line":13,"column":4},"end":{"line":13,"column":25}}},"fnMap":{"0":{"name":"getUsers","decl":{"start":{"line":4,"column":30},"end":{"line":4,"column":38}},"loc":{"start":{"line":4,"column":41},"end":{"line":15,"column":1}},"line":4}},"branchMap":{},"s":{"0":0,"1":0,"2":0,"3":0,"4":0,"5":0},"f":{"0":0},"b":{}}
,"C:\\cw\\doughy-mkplc-new\\src\\App.js": {"path":"C:\\cw\\doughy-mkplc-new\\src\\App.js","statementMap":{"0":{"start":{"line":16,"column":2},"end":{"line":43,"column":4}}},"fnMap":{"0":{"name":"App","decl":{"start":{"line":15,"column":9},"end":{"line":15,"column":12}},"loc":{"start":{"line":15,"column":15},"end":{"line":44,"column":1}},"line":15}},"branchMap":{},"s":{"0":0},"f":{"0":0},"b":{}}
,"C:\\cw\\doughy-mkplc-new\\src\\index.js": {"path":"C:\\cw\\doughy-mkplc-new\\src\\index.js","statementMap":{"0":{"start":{"line":6,"column":0},"end":{"line":11,"column":2}}},"fnMap":{},"branchMap":{},"s":{"0":0},"f":{},"b":{}}
,"C:\\cw\\doughy-mkplc-new\\src\\Components\\CheckoutForm.js": {"path":"C:\\cw\\doughy-mkplc-new\\src\\Components\\CheckoutForm.js","statementMap":{"0":{"start":{"line":12,"column":21},"end":{"line":34,"column":1}},"1":{"start":{"line":36,"column":18},"end":{"line":40,"column":1}},"2":{"start":{"line":37,"column":2},"end":{"line":39,"column":8}},"3":{"start":{"line":42,"column":14},"end":{"line":67,"column":1}},"4":{"start":{"line":52,"column":2},"end":{"line":66,"column":8}},"5":{"start":{"line":69,"column":21},"end":{"line":77,"column":1}},"6":{"start":{"line":70,"column":2},"end":{"line":76,"column":11}},"7":{"start":{"line":79,"column":21},"end":{"line":93,"column":1}},"8":{"start":{"line":80,"column":2},"end":{"line":92,"column":8}},"9":{"start":{"line":95,"column":20},"end":{"line":104,"column":1}},"10":{"start":{"line":96,"column":2},"end":{"line":103,"column":11}},"11":{"start":{"line":106,"column":21},"end":{"line":228,"column":1}},"12":{"start":{"line":107,"column":17},"end":{"line":107,"column":28}},"13":{"start":{"line":108,"column":19},"end":{"line":108,"column":32}},"14":{"start":{"line":109,"column":28},"end":{"line":109,"column":42}},"15":{"start":{"line":110,"column":42},"end":{"line":110,"column":57}},"16":{"start":{"line":111,"column":38},"end":{"line":111,"column":53}},"17":{"start":{"line":112,"column":44},"end":{"line":112,"column":58}},"18":{"start":{"line":113,"column":46},"end":{"line":117,"column":4}},"19":{"start":{"line":119,"column":23},"end":{"line":150,"column":3}},"20":{"start":{"line":120,"column":4},"end":{"line":120,"column":27}},"21":{"start":{"line":122,"column":4},"end":{"line":126,"column":5}},"22":{"start":{"line":125,"column":6},"end":{"line":125,"column":13}},"23":{"start":{"line":128,"column":4},"end":{"line":131,"column":5}},"24":{"start":{"line":129,"column":6},"end":{"line":129,"column":42}},"25":{"start":{"line":130,"column":6},"end":{"line":130,"column":13}},"26":{"start":{"line":133,"column":4},"end":{"line":135,"column":5}},"27":{"start":{"line":134,"column":6},"end":{"line":134,"column":26}},"28":{"start":{"line":137,"column":20},"end":{"line":141,"column":6}},"29":{"start":{"line":143,"column":4},"end":{"line":143,"column":25}},"30":{"start":{"line":145,"column":4},"end":{"line":149,"column":5}},"31":{"start":{"line":146,"column":6},"end":{"line":146,"column":30}},"32":{"start":{"line":148,"column":6},"end":{"line":148,"column":46}},"33":{"start":{"line":152,"column":16},"end":{"line":161,"column":3}},"34":{"start":{"line":153,"column":4},"end":{"line":153,"column":19}},"35":{"start":{"line":154,"column":4},"end":{"line":154,"column":25}},"36":{"start":{"line":155,"column":4},"end":{"line":155,"column":27}},"37":{"start":{"line":156,"column":4},"end":{"line":160,"column":7}},"38":{"start":{"line":163,"column":2},"end":{"line":227,"column":4}},"39":{"start":{"line":186,"column":12},"end":{"line":186,"column":75}},"40":{"start":{"line":198,"column":12},"end":{"line":198,"column":76}},"41":{"start":{"line":210,"column":12},"end":{"line":210,"column":76}},"42":{"start":{"line":217,"column":12},"end":{"line":217,"column":30}},"43":{"start":{"line":218,"column":12},"end":{"line":218,"column":40}},"44":{"start":{"line":230,"column":25},"end":{"line":236,"column":1}},"45":{"start":{"line":240,"column":22},"end":{"line":240,"column":68}},"46":{"start":{"line":242,"column":17},"end":{"line":250,"column":1}},"47":{"start":{"line":243,"column":2},"end":{"line":249,"column":4}}},"fnMap":{"0":{"name":"(anonymous_0)","decl":{"start":{"line":36,"column":18},"end":{"line":36,"column":19}},"loc":{"start":{"line":37,"column":2},"end":{"line":39,"column":8}},"line":37},"1":{"name":"(anonymous_1)","decl":{"start":{"line":42,"column":14},"end":{"line":42,"column":15}},"loc":{"start":{"line":52,"column":2},"end":{"line":66,"column":8}},"line":52},"2":{"name":"(anonymous_2)","decl":{"start":{"line":69,"column":21},"end":{"line":69,"column":22}},"loc":{"start":{"line":70,"column":2},"end":{"line":76,"column":11}},"line":70},"3":{"name":"(anonymous_3)","decl":{"start":{"line":79,"column":21},"end":{"line":79,"column":22}},"loc":{"start":{"line":80,"column":2},"end":{"line":92,"column":8}},"line":80},"4":{"name":"(anonymous_4)","decl":{"start":{"line":95,"column":20},"end":{"line":95,"column":21}},"loc":{"start":{"line":96,"column":2},"end":{"line":103,"column":11}},"line":96},"5":{"name":"(anonymous_5)","decl":{"start":{"line":106,"column":21},"end":{"line":106,"column":22}},"loc":{"start":{"line":106,"column":27},"end":{"line":228,"column":1}},"line":106},"6":{"name":"(anonymous_6)","decl":{"start":{"line":119,"column":23},"end":{"line":119,"column":24}},"loc":{"start":{"line":119,"column":40},"end":{"line":150,"column":3}},"line":119},"7":{"name":"(anonymous_7)","decl":{"start":{"line":152,"column":16},"end":{"line":152,"column":17}},"loc":{"start":{"line":152,"column":22},"end":{"line":161,"column":3}},"line":152},"8":{"name":"(anonymous_8)","decl":{"start":{"line":185,"column":20},"end":{"line":185,"column":21}},"loc":{"start":{"line":185,"column":27},"end":{"line":187,"column":11}},"line":185},"9":{"name":"(anonymous_9)","decl":{"start":{"line":197,"column":20},"end":{"line":197,"column":21}},"loc":{"start":{"line":197,"column":27},"end":{"line":199,"column":11}},"line":197},"10":{"name":"(anonymous_10)","decl":{"start":{"line":209,"column":20},"end":{"line":209,"column":21}},"loc":{"start":{"line":209,"column":27},"end":{"line":211,"column":11}},"line":209},"11":{"name":"(anonymous_11)","decl":{"start":{"line":216,"column":20},"end":{"line":216,"column":21}},"loc":{"start":{"line":216,"column":27},"end":{"line":219,"column":11}},"line":216},"12":{"name":"(anonymous_12)","decl":{"start":{"line":242,"column":17},"end":{"line":242,"column":18}},"loc":{"start":{"line":242,"column":23},"end":{"line":250,"column":1}},"line":242}},"branchMap":{"0":{"loc":{"start":{"line":71,"column":31},"end":{"line":71,"column":65}},"type":"cond-expr","locations":[{"start":{"line":71,"column":39},"end":{"line":71,"column":60}},{"start":{"line":71,"column":63},"end":{"line":71,"column":65}}],"line":71},"1":{"loc":{"start":{"line":73,"column":14},"end":{"line":73,"column":36}},"type":"binary-expr","locations":[{"start":{"line":73,"column":14},"end":{"line":73,"column":24}},{"start":{"line":73,"column":28},"end":{"line":73,"column":36}}],"line":73},"2":{"loc":{"start":{"line":75,"column":5},"end":{"line":75,"column":44}},"type":"cond-expr","locations":[{"start":{"line":75,"column":18},"end":{"line":75,"column":33}},{"start":{"line":75,"column":36},"end":{"line":75,"column":44}}],"line":75},"3":{"loc":{"start":{"line":122,"column":4},"end":{"line":126,"column":5}},"type":"if","locations":[{"start":{"line":122,"column":4},"end":{"line":126,"column":5}},{"start":{"line":122,"column":4},"end":{"line":126,"column":5}}],"line":122},"4":{"loc":{"start":{"line":122,"column":8},"end":{"line":122,"column":28}},"type":"binary-expr","locations":[{"start":{"line":122,"column":8},"end":{"line":122,"column":15}},{"start":{"line":122,"column":19},"end":{"line":122,"column":28}}],"line":122},"5":{"loc":{"start":{"line":128,"column":4},"end":{"line":131,"column":5}},"type":"if","locations":[{"start":{"line":128,"column":4},"end":{"line":131,"column":5}},{"start":{"line":128,"column":4},"end":{"line":131,"column":5}}],"line":128},"6":{"loc":{"start":{"line":133,"column":4},"end":{"line":135,"column":5}},"type":"if","locations":[{"start":{"line":133,"column":4},"end":{"line":135,"column":5}},{"start":{"line":133,"column":4},"end":{"line":135,"column":5}}],"line":133},"7":{"loc":{"start":{"line":145,"column":4},"end":{"line":149,"column":5}},"type":"if","locations":[{"start":{"line":145,"column":4},"end":{"line":149,"column":5}},{"start":{"line":145,"column":4},"end":{"line":149,"column":5}}],"line":145},"8":{"loc":{"start":{"line":163,"column":9},"end":{"line":227,"column":3}},"type":"cond-expr","locations":[{"start":{"line":164,"column":4},"end":{"line":173,"column":10}},{"start":{"line":175,"column":4},"end":{"line":226,"column":11}}],"line":163},"9":{"loc":{"start":{"line":222,"column":7},"end":{"line":222,"column":60}},"type":"binary-expr","locations":[{"start":{"line":222,"column":7},"end":{"line":222,"column":12}},{"start":{"line":222,"column":16},"end":{"line":222,"column":60}}],"line":222}},"s":{"0":0,"1":0,"2":0,"3":0,"4":0,"5":0,"6":0,"7":0,"8":0,"9":0,"10":0,"11":0,"12":0,"13":0,"14":0,"15":0,"16":0,"17":0,"18":0,"19":0,"20":0,"21":0,"22":0,"23":0,"24":0,"25":0,"26":0,"27":0,"28":0,"29":0,"30":0,"31":0,"32":0,"33":0,"34":0,"35":0,"36":0,"37":0,"38":0,"39":0,"40":0,"41":0,"42":0,"43":0,"44":0,"45":0,"46":0,"47":0},"f":{"0":0,"1":0,"2":0,"3":0,"4":0,"5":0,"6":0,"7":0,"8":0,"9":0,"10":0,"11":0,"12":0},"b":{"0":[0,0],"1":[0,0],"2":[0,0],"3":[0,0],"4":[0,0],"5":[0,0],"6":[0,0],"7":[0,0],"8":[0,0],"9":[0,0]}}
,"C:\\cw\\doughy-mkplc-new\\src\\Components\\Users.js": {"path":"C:\\cw\\doughy-mkplc-new\\src\\Components\\Users.js","statementMap":{"0":{"start":{"line":5,"column":28},"end":{"line":5,"column":40}},"1":{"start":{"line":7,"column":2},"end":{"line":11,"column":9}},"2":{"start":{"line":8,"column":4},"end":{"line":10,"column":49}},"3":{"start":{"line":9,"column":22},"end":{"line":9,"column":36}},"4":{"start":{"line":10,"column":18},"end":{"line":10,"column":47}},"5":{"start":{"line":13,"column":2},"end":{"line":21,"column":4}},"6":{"start":{"line":16,"column":8},"end":{"line":18,"column":12}}},"fnMap":{"0":{"name":"Users","decl":{"start":{"line":4,"column":9},"end":{"line":4,"column":14}},"loc":{"start":{"line":4,"column":17},"end":{"line":22,"column":1}},"line":4},"1":{"name":"(anonymous_1)","decl":{"start":{"line":7,"column":12},"end":{"line":7,"column":13}},"loc":{"start":{"line":7,"column":18},"end":{"line":11,"column":3}},"line":7},"2":{"name":"(anonymous_2)","decl":{"start":{"line":9,"column":12},"end":{"line":9,"column":13}},"loc":{"start":{"line":9,"column":22},"end":{"line":9,"column":36}},"line":9},"3":{"name":"(anonymous_3)","decl":{"start":{"line":10,"column":12},"end":{"line":10,"column":13}},"loc":{"start":{"line":10,"column":18},"end":{"line":10,"column":47}},"line":10},"4":{"name":"(anonymous_4)","decl":{"start":{"line":15,"column":17},"end":{"line":15,"column":18}},"loc":{"start":{"line":16,"column":8},"end":{"line":18,"column":12}},"line":16}},"branchMap":{},"s":{"0":0,"1":0,"2":0,"3":0,"4":0,"5":0,"6":0},"f":{"0":0,"1":0,"2":0,"3":0,"4":0},"b":{}}
}
