TN:
SF:src\ApiService.js
FN:4,getUsers
FNF:1
FNH:0
FNDA:0,getUsers
DA:2,0
DA:5,0
DA:6,0
DA:9,0
DA:11,0
DA:13,0
LF:6
LH:0
BRF:0
BRH:0
end_of_record
TN:
SF:src\App.js
FN:15,App
FNF:1
FNH:0
FNDA:0,App
DA:16,0
LF:1
LH:0
BRF:0
BRH:0
end_of_record
TN:
SF:src\index.js
FNF:0
FNH:0
DA:6,0
LF:1
LH:0
BRF:0
BRH:0
end_of_record
TN:
SF:src\Components\CheckoutForm.js
FN:36,(anonymous_0)
FN:42,(anonymous_1)
FN:69,(anonymous_2)
FN:79,(anonymous_3)
FN:95,(anonymous_4)
FN:106,(anonymous_5)
FN:119,(anonymous_6)
FN:152,(anonymous_7)
FN:185,(anonymous_8)
FN:197,(anonymous_9)
FN:209,(anonymous_10)
FN:216,(anonymous_11)
FN:242,(anonymous_12)
FNF:13
FNH:0
FNDA:0,(anonymous_0)
FNDA:0,(anonymous_1)
FNDA:0,(anonymous_2)
FNDA:0,(anonymous_3)
FNDA:0,(anonymous_4)
FNDA:0,(anonymous_5)
FNDA:0,(anonymous_6)
FNDA:0,(anonymous_7)
FNDA:0,(anonymous_8)
FNDA:0,(anonymous_9)
FNDA:0,(anonymous_10)
FNDA:0,(anonymous_11)
FNDA:0,(anonymous_12)
DA:12,0
DA:36,0
DA:37,0
DA:42,0
DA:52,0
DA:69,0
DA:70,0
DA:79,0
DA:80,0
DA:95,0
DA:96,0
DA:106,0
DA:107,0
DA:108,0
DA:109,0
DA:110,0
DA:111,0
DA:112,0
DA:113,0
DA:119,0
DA:120,0
DA:122,0
DA:125,0
DA:128,0
DA:129,0
DA:130,0
DA:133,0
DA:134,0
DA:137,0
DA:143,0
DA:145,0
DA:146,0
DA:148,0
DA:152,0
DA:153,0
DA:154,0
DA:155,0
DA:156,0
DA:163,0
DA:186,0
DA:198,0
DA:210,0
DA:217,0
DA:218,0
DA:230,0
DA:240,0
DA:242,0
DA:243,0
LF:48
LH:0
BRDA:71,0,0,0
BRDA:71,0,1,0
BRDA:73,1,0,0
BRDA:73,1,1,0
BRDA:75,2,0,0
BRDA:75,2,1,0
BRDA:122,3,0,0
BRDA:122,3,1,0
BRDA:122,4,0,0
BRDA:122,4,1,0
BRDA:128,5,0,0
BRDA:128,5,1,0
BRDA:133,6,0,0
BRDA:133,6,1,0
BRDA:145,7,0,0
BRDA:145,7,1,0
BRDA:163,8,0,0
BRDA:163,8,1,0
BRDA:222,9,0,0
BRDA:222,9,1,0
BRF:20
BRH:0
end_of_record
TN:
SF:src\Components\Users.js
FN:4,Users
FN:7,(anonymous_1)
FN:9,(anonymous_2)
FN:10,(anonymous_3)
FN:15,(anonymous_4)
FNF:5
FNH:0
FNDA:0,Users
FNDA:0,(anonymous_1)
FNDA:0,(anonymous_2)
FNDA:0,(anonymous_3)
FNDA:0,(anonymous_4)
DA:5,0
DA:7,0
DA:8,0
DA:9,0
DA:10,0
DA:13,0
DA:16,0
LF:7
LH:0
BRF:0
BRH:0
end_of_record
